<?xml version="1.0" encoding="UTF-8" ?>
<testsuite errors="1" failures="0" hostname="WQ-PC" name="socket.io.ui.BidConfirm_BVT" skipped="0" tests="1" time="0.22" timestamp="2014-10-06T03:26:56">
  <properties>
[...]
</properties>
  <testcase classname="socket.io.ui.BidConfirm_BVT" name="test" time="0.142">
    <error type="java.lang.NullPointerException">java.lang.NullPointerException
	at socket.io.SocketIO.getNonce(SocketIO.java:169)
	at socket.io.ui.BidConfirm_BVT.test(BidConfirm_BVT.java:49)
</error>
  </testcase>
  <system-out><![CDATA[解析服务器时间Nonce出错：未及时接收返回消息!
]]></system-out>
  <system-err><![CDATA[]]></system-err>
</testsuite>
